SF:lib/src/models/goal.dart
DA:13,8
DA:23,8
DA:31,8
DA:32,5
DA:35,8
DA:41,4
DA:49,4
DA:50,4
DA:51,3
DA:52,4
DA:53,4
DA:54,4
DA:55,1
DA:56,4
DA:60,1
DA:62,5
DA:65,2
DA:68,8
DA:71,1
DA:72,2
LF:20
LH:20
end_of_record
SF:lib/src/models/plan.dart
DA:15,6
DA:27,6
DA:37,6
DA:38,3
DA:42,6
DA:49,3
DA:60,3
DA:61,3
DA:62,3
DA:63,3
DA:64,3
DA:65,3
DA:66,3
DA:67,3
DA:68,6
DA:69,2
DA:73,2
DA:74,8
DA:77,2
DA:78,12
DA:81,1
DA:83,7
DA:86,2
DA:89,8
DA:92,0
DA:93,0
LF:26
LH:24
end_of_record
SF:lib/src/planners/day_planner.dart
DA:15,5
DA:27,5
DA:37,5
DA:38,5
DA:49,4
DA:64,4
DA:65,4
DA:66,3
DA:67,4
DA:70,4
DA:73,4
DA:74,4
DA:75,2
DA:76,4
DA:79,4
DA:83,3
DA:84,6
DA:87,0
DA:89,0
DA:92,1
DA:95,4
DA:98,0
DA:99,0
DA:112,6
DA:119,6
DA:124,6
DA:125,6
DA:126,24
DA:131,5
DA:132,5
DA:133,5
DA:134,5
DA:135,2
DA:136,5
DA:140,5
DA:141,20
DA:144,3
DA:145,21
DA:148,4
DA:149,4
DA:150,4
DA:151,20
DA:152,4
DA:156,24
DA:158,18
DA:160,4
DA:161,8
DA:162,20
DA:165,0
DA:167,0
DA:170,0
DA:173,0
DA:176,0
DA:177,0
LF:54
LH:44
end_of_record
SF:lib/src/planners/week_planner.dart
DA:8,0
DA:10,2
DA:21,4
DA:29,4
DA:35,4
DA:36,4
DA:37,4
DA:38,4
DA:39,4
DA:40,4
DA:47,9
DA:49,3
DA:55,3
DA:56,3
DA:57,3
DA:60,6
DA:61,6
DA:62,3
DA:66,2
DA:67,4
DA:68,2
DA:72,2
DA:73,8
DA:74,2
DA:75,2
DA:76,2
DA:78,2
DA:81,2
DA:82,4
DA:83,1
DA:87,2
DA:88,8
DA:89,2
DA:90,2
DA:93,2
DA:94,4
DA:95,1
DA:100,2
DA:101,8
DA:102,2
DA:108,2
DA:109,8
DA:112,2
DA:113,12
DA:116,0
DA:118,0
DA:121,1
DA:124,4
DA:127,0
DA:128,0
LF:50
LH:45
end_of_record
SF:lib/src/services/api_config.dart
DA:5,0
DA:6,0
DA:7,0
DA:11,0
DA:13,0
LF:5
LH:0
end_of_record
SF:lib/src/services/api_service.dart
DA:11,9
DA:17,0
DA:22,0
DA:23,0
DA:24,0
DA:25,0
DA:26,0
DA:27,0
DA:29,0
DA:30,0
DA:33,0
DA:34,0
DA:37,0
DA:41,0
DA:44,0
DA:45,0
DA:52,0
DA:57,0
DA:58,0
DA:59,0
DA:60,0
DA:61,0
DA:62,0
DA:64,0
DA:65,0
DA:68,0
DA:69,0
DA:72,0
DA:76,0
DA:79,0
DA:80,0
DA:87,0
DA:88,0
DA:91,0
DA:95,0
DA:96,0
DA:97,0
DA:102,0
DA:106,0
DA:107,0
DA:112,0
DA:116,0
DA:120,0
DA:124,0
DA:127,0
DA:128,0
DA:135,0
DA:136,0
DA:139,0
DA:144,0
DA:145,0
DA:146,0
DA:147,0
DA:152,0
DA:153,0
DA:157,0
DA:162,0
DA:163,0
DA:164,0
DA:173,0
DA:175,0
DA:176,0
DA:177,0
DA:184,0
DA:186,0
DA:190,0
DA:191,0
DA:192,0
DA:195,0
DA:196,0
DA:200,0
DA:202,0
DA:207,0
DA:208,0
DA:209,0
DA:212,0
DA:213,0
DA:217,0
DA:219,0
DA:224,0
DA:225,0
DA:226,0
DA:229,0
DA:230,0
DA:234,0
DA:236,0
DA:240,0
DA:241,0
DA:243,0
DA:246,0
DA:247,0
DA:251,0
DA:252,0
DA:253,0
DA:257,0
DA:259,0
DA:260,0
DA:262,0
DA:270,0
DA:271,0
DA:272,0
DA:277,0
DA:278,0
DA:279,0
LF:104
LH:1
end_of_record
SF:lib/src/services/auth_service.dart
DA:28,0
DA:30,0
DA:31,0
DA:32,0
DA:35,0
DA:42,0
DA:43,0
DA:44,0
DA:45,0
DA:46,0
DA:47,0
DA:48,0
DA:49,0
DA:52,0
DA:54,0
DA:55,0
DA:56,0
DA:57,0
DA:58,0
DA:65,0
DA:70,0
DA:71,0
DA:72,0
DA:73,0
DA:75,0
DA:77,0
DA:78,0
DA:79,0
DA:82,0
DA:83,0
DA:84,0
DA:85,0
DA:95,0
DA:96,0
DA:98,0
DA:103,0
DA:104,0
DA:105,0
DA:107,0
DA:110,0
DA:112,0
DA:113,0
DA:114,0
DA:118,0
DA:119,0
DA:121,0
DA:123,0
DA:125,0
DA:129,0
DA:130,0
DA:131,0
DA:132,0
DA:134,0
DA:135,0
DA:136,0
DA:143,0
DA:144,0
DA:148,0
DA:149,0
DA:151,0
DA:152,0
DA:153,0
DA:162,0
DA:168,0
DA:169,0
DA:170,0
DA:171,0
DA:172,0
DA:175,0
DA:177,0
DA:182,0
DA:183,0
DA:184,0
DA:186,0
DA:187,0
DA:189,0
DA:198,0
DA:204,0
DA:205,0
DA:206,0
DA:207,0
DA:208,0
DA:210,0
DA:211,0
DA:212,0
DA:214,0
DA:215,0
DA:216,0
DA:217,0
DA:218,0
DA:219,0
DA:221,0
DA:229,0
DA:231,0
DA:235,0
DA:242,0
DA:244,0
DA:245,0
DA:246,0
DA:247,0
DA:249,0
DA:250,0
DA:257,0
DA:262,0
DA:263,0
DA:264,0
DA:265,0
DA:269,0
DA:270,0
DA:271,0
DA:272,0
DA:273,0
DA:274,0
DA:281,2
DA:282,0
DA:283,0
LF:116
LH:1
end_of_record
SF:lib/src/services/database_service.dart
DA:8,0
DA:9,0
DA:11,0
DA:14,0
DA:18,0
DA:19,0
DA:20,0
DA:21,0
DA:26,0
DA:28,0
DA:29,0
DA:30,0
DA:32,0
DA:33,0
DA:35,0
DA:38,0
DA:39,0
DA:40,0
DA:43,0
DA:44,0
DA:45,0
DA:46,0
DA:47,0
DA:48,0
LF:24
LH:0
end_of_record
SF:lib/src/services/goal_repository.dart
DA:11,0
DA:14,11
DA:20,0
DA:21,0
DA:24,0
DA:25,0
DA:26,0
DA:27,0
DA:30,0
DA:31,0
DA:34,0
DA:35,0
DA:38,0
DA:39,0
DA:42,0
DA:43,0
DA:44,0
DA:45,0
DA:48,0
DA:49,0
DA:52,0
DA:53,0
DA:54,0
DA:56,0
DA:59,0
DA:60,0
DA:63,0
DA:64,0
DA:65,0
DA:66,0
DA:69,0
DA:70,0
DA:73,0
DA:74,0
DA:75,0
DA:77,0
DA:80,0
DA:81,0
DA:84,0
DA:85,0
DA:87,0
DA:88,0
DA:90,0
DA:91,0
DA:92,0
DA:95,0
DA:96,0
DA:99,0
DA:100,0
DA:101,0
DA:102,0
DA:103,0
DA:104,0
DA:108,0
DA:111,0
DA:112,0
DA:114,0
DA:121,0
DA:122,0
DA:125,0
DA:126,0
DA:127,0
DA:128,0
DA:129,0
DA:130,0
DA:131,0
DA:132,0
DA:136,0
DA:138,0
DA:140,0
DA:141,0
DA:142,0
DA:145,0
DA:146,0
DA:149,0
DA:153,0
DA:154,0
DA:157,0
DA:159,0
DA:162,0
DA:165,0
DA:166,0
DA:173,0
DA:174,0
DA:175,0
DA:176,0
DA:177,0
DA:178,0
DA:179,0
DA:180,0
DA:183,0
DA:184,0
DA:185,0
DA:186,0
DA:187,0
DA:188,0
DA:189,0
DA:190,0
DA:192,0
DA:193,0
DA:194,0
DA:196,0
DA:197,0
DA:198,0
DA:203,0
DA:204,0
DA:205,0
DA:206,0
DA:207,0
DA:208,0
DA:209,0
DA:210,0
DA:212,0
DA:213,0
DA:214,0
DA:216,0
DA:217,0
DA:218,0
DA:223,0
DA:224,0
DA:225,0
DA:226,0
LF:122
LH:1
end_of_record
SF:lib/src/services/plan_repository.dart
DA:11,0
DA:14,10
DA:20,0
DA:21,0
DA:24,0
DA:25,0
DA:26,0
DA:27,0
DA:30,0
DA:31,0
DA:34,0
DA:35,0
DA:38,0
DA:39,0
DA:42,0
DA:43,0
DA:44,0
DA:45,0
DA:48,0
DA:49,0
DA:52,0
DA:53,0
DA:54,0
DA:56,0
DA:59,0
DA:60,0
DA:63,0
DA:64,0
DA:65,0
DA:66,0
DA:69,0
DA:70,0
DA:73,0
DA:74,0
DA:75,0
DA:77,0
DA:80,0
DA:82,0
DA:83,0
DA:85,0
DA:88,0
DA:89,0
DA:96,0
DA:97,0
DA:100,0
DA:101,0
DA:102,0
DA:103,0
DA:104,0
DA:105,0
DA:106,0
DA:107,0
DA:108,0
DA:109,0
DA:110,0
DA:114,0
DA:116,0
DA:118,0
DA:119,0
DA:120,0
DA:123,0
DA:124,0
DA:127,0
DA:131,0
DA:132,0
DA:135,0
DA:137,0
DA:140,0
DA:143,0
DA:144,0
DA:145,0
DA:147,0
DA:149,0
DA:151,0
DA:155,0
DA:156,0
DA:157,0
DA:161,0
DA:162,0
DA:169,0
DA:170,0
DA:171,0
DA:172,0
DA:173,0
DA:174,0
DA:175,0
DA:176,0
DA:177,0
DA:178,0
DA:181,0
DA:182,0
DA:183,0
DA:184,0
DA:185,0
DA:186,0
DA:187,0
DA:188,0
DA:189,0
DA:191,0
DA:192,0
DA:194,0
DA:195,0
DA:196,0
DA:197,0
DA:202,0
DA:203,0
DA:204,0
DA:205,0
DA:206,0
DA:207,0
DA:208,0
DA:209,0
DA:210,0
DA:212,0
DA:213,0
DA:215,0
DA:216,0
DA:217,0
DA:218,0
DA:223,0
DA:224,0
DA:225,0
DA:226,0
LF:123
LH:1
end_of_record
SF:lib/src/services/planner_repository.dart
DA:13,0
DA:16,12
DA:22,0
DA:23,0
DA:24,0
DA:27,0
DA:28,0
DA:30,0
DA:33,0
DA:34,0
DA:35,0
DA:36,0
DA:39,0
DA:40,0
DA:41,0
DA:44,0
DA:47,0
DA:48,0
DA:49,0
DA:50,0
DA:53,0
DA:54,0
DA:57,0
DA:61,0
DA:62,0
DA:63,0
DA:64,0
DA:65,0
DA:66,0
DA:67,0
DA:68,0
DA:72,0
DA:75,0
DA:76,0
DA:77,0
DA:79,0
DA:82,0
DA:83,0
DA:84,0
DA:85,0
DA:88,0
DA:89,0
DA:93,0
DA:94,0
DA:95,0
DA:96,0
DA:99,0
DA:100,0
DA:102,0
DA:103,0
DA:107,0
DA:108,0
DA:111,0
DA:112,0
DA:113,0
DA:115,0
DA:118,0
DA:119,0
DA:120,0
DA:123,0
DA:127,0
DA:128,0
DA:129,0
DA:133,0
DA:134,0
DA:141,0
DA:142,0
DA:143,0
DA:145,0
DA:148,0
DA:149,0
DA:150,0
DA:151,0
DA:152,0
DA:153,0
DA:154,0
DA:155,0
DA:156,0
DA:157,0
DA:159,0
DA:160,0
DA:161,0
DA:164,0
DA:168,0
DA:169,0
DA:170,0
DA:174,0
DA:175,0
DA:178,0
DA:179,0
DA:180,0
DA:181,0
DA:182,0
DA:183,0
DA:184,0
DA:185,0
DA:186,0
DA:187,0
DA:188,0
DA:191,0
DA:195,0
DA:196,0
DA:197,0
DA:201,0
DA:202,0
DA:205,0
DA:207,0
DA:211,0
DA:212,0
DA:213,0
DA:221,0
DA:222,0
DA:223,0
DA:226,0
DA:227,0
DA:229,0
DA:232,0
DA:233,0
DA:234,0
DA:235,0
DA:236,0
DA:237,0
DA:240,0
DA:241,0
DA:244,0
DA:245,0
DA:246,0
DA:247,0
DA:248,0
DA:249,0
DA:252,0
DA:253,0
DA:256,0
DA:257,0
DA:258,0
DA:260,0
DA:263,0
DA:264,0
DA:265,0
DA:266,0
DA:269,0
DA:270,0
DA:274,0
DA:275,0
DA:276,0
DA:277,0
DA:280,0
DA:281,0
DA:283,0
DA:284,0
DA:288,0
DA:289,0
DA:292,0
DA:293,0
DA:296,0
DA:299,0
DA:300,0
DA:301,0
DA:302,0
DA:307,0
DA:309,0
DA:312,0
DA:313,0
DA:314,0
DA:315,0
DA:316,0
DA:318,0
DA:319,0
DA:320,0
DA:323,0
DA:327,0
DA:330,0
DA:331,0
DA:332,0
DA:337,0
DA:345,0
DA:349,0
DA:350,0
DA:352,0
DA:355,0
DA:356,0
DA:357,0
DA:358,0
DA:361,0
DA:362,0
DA:366,0
DA:367,0
DA:368,0
DA:372,0
DA:376,0
DA:377,0
DA:379,0
DA:382,0
DA:383,0
DA:384,0
DA:385,0
DA:388,0
DA:389,0
DA:393,0
DA:394,0
DA:395,0
DA:403,0
DA:404,0
DA:407,0
DA:408,0
DA:409,0
DA:411,0
DA:412,0
DA:416,0
DA:417,0
DA:418,0
DA:419,0
DA:420,0
DA:429,0
DA:430,0
DA:432,0
DA:433,0
DA:434,0
DA:435,0
DA:436,0
DA:437,0
DA:438,0
DA:439,0
DA:440,0
DA:441,0
DA:444,0
DA:445,0
DA:446,0
DA:447,0
DA:448,0
DA:449,0
DA:450,0
DA:452,0
DA:453,0
DA:454,0
DA:455,0
DA:457,0
DA:458,0
DA:459,0
DA:463,0
DA:464,0
DA:465,0
DA:466,0
DA:467,0
DA:468,0
DA:469,0
DA:471,0
DA:472,0
DA:473,0
DA:474,0
DA:476,0
DA:477,0
DA:478,0
DA:482,0
DA:483,0
DA:484,0
DA:485,0
DA:486,0
DA:489,0
DA:490,0
DA:491,0
DA:492,0
DA:493,0
DA:494,0
DA:495,0
DA:496,0
DA:497,0
DA:502,0
DA:503,0
DA:504,0
DA:505,0
DA:506,0
DA:507,0
DA:508,0
DA:509,0
DA:510,0
DA:511,0
DA:516,0
DA:517,0
DA:518,0
DA:519,0
DA:520,0
DA:521,0
DA:522,0
DA:523,0
DA:526,0
DA:527,0
DA:528,0
DA:529,0
DA:530,0
DA:531,0
DA:532,0
DA:535,0
DA:536,0
DA:537,0
DA:538,0
DA:540,0
DA:541,0
DA:545,0
DA:549,0
DA:550,0
DA:552,0
DA:553,0
LF:303
LH:1
end_of_record
SF:lib/src/services/service_locator.dart
DA:11,0
DA:13,2
DA:14,0
DA:15,3
DA:16,4
DA:17,3
DA:19,9
DA:33,4
DA:34,0
DA:35,6
DA:36,8
DA:37,6
LF:12
LH:9
end_of_record
SF:lib/src/services/connectivity_notifier.dart
DA:6,0
DA:8,0
DA:10,0
DA:11,0
LF:4
LH:0
end_of_record
SF:lib/src/navigation/app_router.dart
DA:36,0
DA:37,0
DA:39,0
DA:40,0
DA:42,0
DA:43,0
DA:45,0
DA:46,0
DA:49,0
DA:50,0
DA:52,0
DA:53,0
DA:54,0
DA:56,0
DA:57,0
DA:58,0
DA:60,0
DA:61,0
DA:62,0
DA:64,0
DA:65,0
DA:66,0
DA:68,0
DA:69,0
DA:70,0
DA:71,0
DA:72,0
DA:73,0
DA:77,0
DA:78,0
DA:79,0
DA:81,0
DA:82,0
DA:83,0
DA:84,0
DA:85,0
DA:86,0
DA:87,0
DA:88,0
DA:92,0
DA:93,0
DA:94,0
DA:95,0
DA:99,0
DA:100,0
DA:101,0
LF:46
LH:0
end_of_record
SF:lib/src/screens/auth/welcome_screen.dart
DA:5,3
DA:7,0
DA:9,0
DA:10,0
DA:11,0
DA:12,0
DA:14,0
DA:16,0
DA:18,0
DA:21,0
DA:24,0
DA:27,0
DA:32,0
DA:35,0
DA:36,0
DA:40,0
DA:41,0
DA:45,0
DA:46,0
DA:47,0
LF:20
LH:1
end_of_record
SF:lib/src/screens/auth/login_screen.dart
DA:7,3
DA:9,1
DA:10,1
DA:23,1
DA:25,2
DA:26,2
DA:27,1
DA:30,1
DA:31,3
DA:32,2
DA:33,1
DA:34,1
DA:37,2
DA:38,3
DA:39,2
DA:41,0
DA:42,0
DA:43,0
DA:45,0
DA:48,1
DA:49,4
DA:51,0
DA:52,0
DA:56,4
DA:60,1
DA:62,1
DA:63,1
DA:64,1
DA:65,1
DA:67,1
DA:68,1
DA:69,1
DA:71,1
DA:73,1
DA:74,1
DA:81,1
DA:82,2
DA:83,1
DA:88,1
DA:89,1
DA:90,1
DA:92,0
DA:93,1
DA:96,1
DA:97,1
DA:98,1
DA:102,0
DA:103,0
DA:106,1
DA:107,1
DA:109,2
DA:111,1
DA:113,1
DA:114,2
DA:115,1
DA:117,1
DA:118,1
DA:119,3
DA:123,1
DA:124,1
DA:125,2
DA:126,1
DA:134,1
DA:135,1
DA:136,0
DA:137,0
LF:66
LH:55
end_of_record
SF:lib/src/screens/auth/register_screen.dart
DA:7,3
DA:9,1
DA:10,1
DA:26,1
DA:28,2
DA:29,2
DA:30,2
DA:31,2
DA:32,1
DA:35,1
DA:36,3
DA:37,0
DA:38,0
DA:39,0
DA:40,0
DA:43,0
DA:44,0
DA:45,0
DA:46,0
DA:48,0
DA:49,0
DA:51,0
DA:54,0
DA:56,0
DA:57,0
DA:58,0
DA:60,0
DA:62,0
DA:63,0
DA:64,0
DA:65,0
DA:69,0
DA:70,0
DA:71,0
DA:74,0
DA:75,0
DA:77,0
DA:78,0
DA:82,0
DA:86,1
DA:88,1
DA:89,1
DA:90,1
DA:91,1
DA:93,1
DA:94,1
DA:95,1
DA:97,1
DA:99,1
DA:100,1
DA:108,1
DA:109,1
DA:116,1
DA:117,2
DA:118,1
DA:123,1
DA:124,1
DA:125,1
DA:127,1
DA:131,1
DA:132,1
DA:133,1
DA:137,0
DA:138,0
DA:141,1
DA:142,1
DA:143,2
DA:148,1
DA:149,1
DA:152,0
DA:159,1
DA:161,0
DA:163,0
DA:164,0
DA:165,0
DA:167,0
DA:168,0
DA:169,0
DA:173,1
DA:175,0
DA:177,0
DA:178,0
DA:179,0
DA:181,0
DA:182,0
DA:183,0
DA:184,0
DA:189,1
DA:190,1
DA:191,2
DA:192,1
DA:200,1
DA:201,1
DA:202,0
DA:203,0
LF:95
LH:47
end_of_record
SF:lib/src/screens/home/home_screen.dart
DA:14,3
DA:16,0
DA:17,0
DA:32,0
DA:34,0
DA:35,0
DA:38,0
DA:39,0
DA:40,0
DA:41,0
DA:42,0
DA:45,0
DA:46,0
DA:47,0
DA:48,0
DA:50,0
DA:51,0
DA:52,0
DA:53,0
DA:54,0
DA:55,0
DA:59,0
DA:60,0
DA:62,0
DA:63,0
DA:64,0
DA:67,0
DA:68,0
DA:69,0
DA:70,0
DA:73,0
DA:75,0
DA:76,0
DA:78,0
DA:80,0
DA:87,0
DA:88,0
DA:89,0
DA:91,0
DA:92,0
DA:93,0
DA:95,0
DA:96,0
DA:98,0
DA:99,0
DA:101,0
DA:104,0
DA:105,0
DA:106,0
DA:107,0
DA:108,0
DA:109,0
DA:115,0
DA:117,0
DA:118,0
DA:127,0
DA:128,0
DA:129,0
DA:131,0
DA:133,0
DA:134,0
DA:136,0
DA:137,0
DA:139,0
DA:141,0
DA:142,0
DA:143,0
DA:150,0
DA:151,0
DA:152,0
DA:154,0
DA:155,0
DA:156,0
DA:157,0
DA:160,0
DA:163,0
DA:164,0
DA:167,0
DA:168,0
DA:178,0
DA:179,0
DA:180,0
DA:182,0
DA:189,0
DA:190,0
DA:192,0
DA:193,0
DA:195,0
DA:196,0
DA:197,0
DA:198,0
DA:199,0
DA:206,0
DA:207,0
DA:208,0
DA:210,0
DA:211,0
DA:212,0
DA:213,0
DA:216,0
DA:219,0
DA:221,0
DA:222,0
DA:231,0
DA:232,0
DA:233,0
DA:234,0
DA:236,0
DA:237,0
DA:238,0
DA:239,0
DA:243,0
DA:251,0
DA:253,0
DA:254,0
DA:255,0
DA:256,0
DA:257,0
DA:258,0
DA:259,0
DA:261,0
DA:263,0
DA:268,0
DA:269,0
DA:272,0
DA:274,0
DA:275,0
DA:283,0
DA:284,0
DA:285,0
DA:286,0
DA:287,0
DA:288,0
DA:289,0
DA:290,0
DA:296,0
DA:297,0
DA:298,0
DA:299,0
DA:300,0
DA:332,0
DA:334,0
DA:343,0
DA:345,0
DA:354,0
DA:356,0
DA:363,3
DA:365,0
DA:366,0
DA:377,0
DA:379,0
DA:380,0
DA:381,0
DA:384,0
DA:386,0
DA:387,0
DA:390,0
DA:391,0
DA:392,0
DA:393,0
DA:394,0
DA:396,0
DA:397,0
DA:398,0
DA:402,0
DA:404,0
DA:405,0
DA:406,0
DA:407,0
DA:408,0
DA:409,0
DA:411,0
DA:415,0
DA:417,0
DA:418,0
DA:419,0
DA:420,0
DA:427,0
DA:428,0
DA:429,0
DA:430,0
DA:433,0
DA:435,0
DA:437,0
DA:438,0
DA:439,0
DA:440,0
DA:451,0
DA:452,0
DA:454,0
DA:455,0
DA:456,0
DA:458,0
DA:459,0
DA:462,0
DA:465,0
DA:467,0
DA:468,0
DA:476,0
DA:477,0
DA:478,0
DA:480,0
DA:481,0
DA:482,0
DA:483,0
DA:485,0
DA:486,0
DA:487,0
DA:492,0
DA:502,3
DA:504,0
DA:505,0
DA:514,0
DA:516,0
DA:517,0
DA:518,0
DA:521,0
DA:522,0
DA:523,0
DA:524,0
DA:525,0
DA:526,0
DA:527,0
DA:528,0
DA:531,0
DA:532,0
DA:533,0
DA:535,0
DA:536,0
DA:537,0
DA:538,0
DA:542,0
DA:543,0
DA:544,0
DA:546,0
DA:549,0
DA:550,0
DA:551,0
DA:553,0
DA:556,0
DA:557,0
DA:558,0
DA:561,0
DA:563,0
DA:564,0
DA:565,0
DA:567,0
DA:569,0
DA:570,0
DA:572,0
DA:574,0
DA:575,0
DA:576,0
DA:578,0
DA:580,0
DA:585,0
DA:586,0
DA:588,0
DA:589,0
DA:591,0
DA:593,0
DA:594,0
DA:596,0
DA:599,0
DA:600,0
DA:602,0
DA:603,0
DA:606,0
DA:616,0
DA:617,0
DA:618,0
DA:619,0
DA:622,0
DA:623,0
DA:624,0
DA:625,0
DA:626,0
DA:628,0
DA:629,0
DA:630,0
DA:632,0
DA:634,0
DA:636,0
DA:637,0
DA:639,0
DA:640,0
DA:641,0
DA:649,0
DA:650,0
DA:652,0
DA:653,0
DA:654,0
DA:658,0
DA:659,0
DA:661,0
DA:663,0
DA:664,0
DA:665,0
DA:666,0
DA:671,0
DA:672,0
DA:677,0
DA:691,3
DA:693,0
DA:694,0
DA:701,0
DA:703,0
DA:704,0
DA:707,0
DA:708,0
DA:709,0
DA:711,0
DA:712,0
DA:716,0
DA:717,0
DA:719,0
DA:720,0
DA:721,0
DA:724,0
DA:725,0
DA:727,0
DA:728,0
DA:731,0
DA:733,0
DA:734,0
DA:736,0
DA:737,0
DA:738,0
DA:740,0
DA:741,0
DA:742,0
DA:743,0
DA:744,0
DA:747,0
DA:748,0
DA:749,0
DA:750,0
DA:751,0
DA:757,0
DA:758,0
DA:759,0
DA:760,0
DA:762,0
DA:763,0
DA:766,0
DA:769,0
DA:771,0
DA:772,0
DA:773,0
DA:777,0
DA:779,0
DA:780,0
DA:786,0
DA:787,0
DA:788,0
DA:790,0
DA:791,0
DA:792,0
DA:793,0
DA:795,0
DA:796,0
DA:797,0
DA:798,0
DA:801,0
DA:803,0
DA:810,0
DA:812,0
DA:814,0
DA:815,0
DA:816,0
DA:819,0
DA:821,0
LF:372
LH:4
end_of_record
SF:lib/src/screens/goals/goals_screen.dart
DA:10,0
DA:12,1
DA:13,1
DA:25,1
DA:27,1
DA:28,2
DA:29,1
DA:32,1
DA:34,2
DA:35,1
DA:38,1
DA:39,3
DA:41,2
DA:42,1
DA:43,2
DA:44,5
DA:47,2
DA:48,1
DA:49,1
DA:50,1
DA:54,1
DA:56,1
DA:57,6
DA:58,1
DA:59,1
DA:60,4
DA:61,1
DA:63,1
DA:67,1
DA:69,1
DA:70,1
DA:72,1
DA:73,1
DA:81,1
DA:83,1
DA:84,1
DA:85,1
DA:86,1
DA:87,1
DA:88,1
DA:91,1
DA:92,0
DA:93,0
DA:94,0
DA:101,1
DA:102,1
DA:104,1
DA:105,1
DA:109,1
DA:110,0
DA:111,0
DA:112,0
DA:120,1
DA:121,1
DA:122,1
DA:124,1
DA:125,1
DA:126,1
DA:127,1
DA:129,3
DA:130,0
DA:131,0
DA:136,0
LF:63
LH:53
end_of_record
SF:lib/src/screens/goals/goal_detail_screen.dart
DA:13,1
DA:15,1
DA:16,1
DA:25,1
DA:27,1
DA:28,3
DA:29,1
DA:32,1
DA:33,4
DA:34,2
DA:35,1
DA:39,0
DA:40,0
DA:42,0
DA:43,0
DA:48,0
DA:49,0
DA:50,0
DA:51,0
DA:52,0
DA:56,0
DA:57,0
DA:58,0
DA:59,0
DA:64,0
DA:65,0
DA:66,0
DA:69,0
DA:70,0
DA:77,0
DA:78,0
DA:79,0
DA:80,0
DA:84,1
DA:86,4
DA:89,1
DA:90,2
DA:91,1
DA:93,1
DA:98,1
DA:99,2
DA:100,1
DA:102,1
DA:107,1
DA:109,1
DA:111,1
DA:112,1
DA:114,1
DA:115,1
DA:117,0
DA:118,0
DA:121,0
DA:123,0
DA:126,2
DA:129,1
DA:130,0
DA:131,0
DA:132,0
DA:134,1
DA:137,1
DA:139,1
DA:140,1
DA:141,1
DA:143,1
DA:145,1
DA:146,1
DA:147,1
DA:148,4
DA:150,1
DA:151,1
DA:152,3
DA:153,2
DA:157,3
DA:161,1
DA:162,2
DA:163,3
DA:168,1
DA:169,2
DA:170,3
DA:171,2
DA:175,1
DA:176,1
DA:177,1
DA:180,2
DA:183,1
DA:184,4
DA:185,3
DA:186,2
DA:192,1
DA:193,1
DA:194,1
DA:197,2
DA:200,1
DA:201,4
DA:202,3
DA:203,2
DA:213,3
DA:215,1
DA:217,2
DA:218,3
DA:219,1
DA:220,2
DA:222,0
DA:224,1
DA:227,1
DA:229,1
DA:230,1
DA:231,1
DA:232,0
DA:233,0
DA:236,0
DA:238,0
DA:240,1
DA:241,1
DA:242,3
DA:244,1
DA:247,2
DA:252,1
DA:253,0
DA:254,0
DA:257,0
DA:259,0
DA:267,2
DA:268,1
DA:269,1
DA:271,1
DA:272,1
DA:273,1
DA:274,1
DA:277,2
DA:280,1
DA:282,3
DA:283,2
DA:292,2
DA:293,2
DA:295,0
DA:296,0
DA:301,0
DA:312,1
DA:314,1
DA:316,1
DA:318,1
DA:320,1
LF:143
LH:102
end_of_record
SF:lib/src/screens/goals/goal_form_screen.dart
DA:9,1
DA:11,1
DA:12,1
DA:25,3
DA:27,1
DA:29,1
DA:30,2
DA:31,5
DA:32,5
DA:33,4
DA:34,4
DA:35,4
DA:39,1
DA:41,2
DA:42,2
DA:43,1
DA:46,0
DA:47,0
DA:48,0
DA:49,0
DA:50,0
DA:51,0
DA:53,0
DA:54,0
DA:57,0
DA:58,0
DA:63,0
DA:64,0
DA:67,0
DA:68,0
DA:69,0
DA:70,0
DA:71,0
DA:72,0
DA:73,0
DA:74,0
DA:77,0
DA:78,0
DA:79,0
DA:80,0
DA:81,0
DA:82,0
DA:86,0
DA:87,0
DA:88,0
DA:92,0
DA:93,0
DA:96,1
DA:98,1
DA:100,1
DA:101,3
DA:102,1
DA:103,1
DA:104,1
DA:106,1
DA:108,1
DA:109,1
DA:110,1
DA:116,0
DA:117,0
DA:124,1
DA:125,1
DA:132,0
DA:133,0
DA:140,3
DA:142,1
DA:155,1
DA:156,0
DA:157,0
DA:158,0
DA:163,3
DA:165,1
DA:167,2
DA:168,1
DA:169,2
DA:170,2
DA:171,0
DA:172,0
DA:173,0
DA:177,1
DA:180,3
DA:182,1
DA:185,1
DA:186,1
DA:187,0
DA:190,1
DA:192,1
DA:193,1
DA:194,0
DA:196,0
DA:197,0
DA:198,0
DA:202,1
DA:204,1
DA:210,1
DA:212,1
DA:213,1
DA:214,2
DA:224,1
DA:226,1
DA:228,1
DA:230,1
DA:232,1
LF:103
LH:57
end_of_record
SF:lib/src/screens/plans/plans_screen.dart
DA:12,1
DA:14,1
DA:15,1
DA:23,1
DA:25,1
DA:26,1
DA:29,1
DA:30,3
DA:32,4
DA:34,2
DA:35,1
DA:36,1
DA:40,1
DA:42,1
DA:43,1
DA:44,1
DA:46,2
DA:47,1
DA:51,1
DA:52,0
DA:53,0
DA:56,0
DA:58,0
DA:64,1
DA:65,1
DA:66,1
DA:68,2
DA:69,1
DA:70,2
DA:71,1
DA:73,0
DA:74,0
DA:79,0
DA:85,1
DA:86,0
DA:87,0
DA:90,0
DA:92,0
LF:38
LH:27
end_of_record
SF:lib/src/screens/plans/plan_detail_screen.dart
DA:13,1
DA:15,1
DA:16,1
DA:26,1
DA:28,1
DA:29,3
DA:30,1
DA:33,1
DA:34,4
DA:35,2
DA:36,1
DA:40,1
DA:42,2
DA:43,1
DA:46,0
DA:47,0
DA:49,0
DA:50,0
DA:53,0
DA:56,0
DA:57,0
DA:58,0
DA:59,0
DA:60,0
DA:64,0
DA:65,0
DA:66,0
DA:67,0
DA:69,0
DA:70,0
DA:78,0
DA:79,0
DA:80,0
DA:83,0
DA:84,0
DA:85,0
DA:86,0
DA:87,0
DA:95,0
DA:96,0
DA:97,0
DA:98,0
DA:99,0
DA:104,0
DA:105,0
DA:106,0
DA:107,0
DA:110,0
DA:111,0
DA:112,0
DA:115,0
DA:116,0
DA:123,0
DA:124,0
DA:125,0
DA:126,0
DA:127,0
DA:132,0
DA:133,0
DA:134,0
DA:135,0
DA:138,0
DA:139,0
DA:140,0
DA:143,0
DA:144,0
DA:151,0
DA:152,0
DA:153,0
DA:157,0
DA:158,0
DA:159,0
DA:160,0
DA:161,0
DA:163,0
DA:164,0
DA:167,0
DA:168,0
DA:169,0
DA:171,0
DA:173,0
DA:176,1
DA:178,0
DA:181,1
DA:183,1
DA:185,1
DA:186,1
DA:188,1
DA:189,1
DA:191,0
DA:192,0
DA:195,0
DA:197,0
DA:200,2
DA:203,1
DA:204,1
DA:205,1
DA:208,1
DA:210,1
DA:211,1
DA:212,1
DA:214,1
DA:216,1
DA:217,1
DA:218,1
DA:219,1
DA:220,1
DA:221,2
DA:222,3
DA:227,3
DA:231,1
DA:232,2
DA:233,3
DA:234,2
DA:238,1
DA:239,1
DA:240,1
DA:243,2
DA:246,1
DA:247,4
DA:248,3
DA:249,2
DA:253,1
DA:256,2
DA:259,1
DA:260,4
DA:261,3
DA:262,2
DA:272,3
DA:274,1
DA:276,2
DA:277,3
DA:278,1
DA:279,2
DA:281,0
DA:283,1
DA:286,1
DA:288,1
DA:289,3
DA:290,1
DA:291,1
DA:298,3
DA:299,1
DA:300,1
DA:302,1
DA:303,1
DA:304,1
DA:305,1
DA:308,2
DA:311,1
DA:313,3
DA:314,2
DA:323,1
DA:326,3
DA:327,0
DA:328,0
DA:329,0
DA:330,0
DA:331,0
DA:332,0
DA:333,0
DA:334,0
DA:335,0
DA:338,1
DA:339,3
DA:340,1
DA:341,1
DA:342,1
DA:343,1
DA:344,2
DA:345,3
DA:347,1
DA:348,1
DA:350,0
DA:356,1
DA:357,1
DA:359,1
DA:360,1
DA:361,3
DA:362,2
DA:364,1
DA:365,1
DA:371,1
DA:372,2
DA:373,1
DA:374,1
DA:376,1
DA:377,1
DA:379,3
DA:380,2
DA:387,0
DA:395,1
DA:397,1
DA:399,1
DA:401,1
DA:403,1
LF:196
LH:112
end_of_record
SF:lib/src/screens/plans/plan_form_screen.dart
DA:10,0
DA:12,0
DA:13,0
DA:26,0
DA:28,0
DA:30,0
DA:31,0
DA:32,0
DA:33,0
DA:34,0
DA:35,0
DA:36,0
DA:40,0
DA:42,0
DA:43,0
DA:44,0
DA:47,0
DA:48,0
DA:49,0
DA:50,0
DA:51,0
DA:52,0
DA:53,0
DA:54,0
DA:55,0
DA:56,0
DA:59,0
DA:60,0
DA:61,0
DA:62,0
DA:68,0
DA:69,0
DA:70,0
DA:71,0
DA:72,0
DA:73,0
DA:74,0
DA:75,0
DA:77,0
DA:80,0
DA:81,0
DA:86,0
DA:87,0
DA:90,0
DA:91,0
DA:92,0
DA:93,0
DA:94,0
DA:95,0
DA:96,0
DA:97,0
DA:98,0
DA:101,0
DA:102,0
DA:103,0
DA:104,0
DA:105,0
DA:106,0
DA:107,0
DA:111,0
DA:112,0
DA:113,0
DA:117,0
DA:118,0
DA:121,0
DA:123,0
DA:125,0
DA:126,0
DA:127,0
DA:128,0
DA:129,0
DA:131,0
DA:133,0
DA:134,0
DA:135,0
DA:141,0
DA:142,0
DA:149,0
DA:150,0
DA:157,0
DA:158,0
DA:165,0
DA:167,0
DA:169,0
DA:170,0
DA:171,0
DA:172,0
DA:173,0
DA:174,0
DA:175,0
DA:179,0
DA:182,0
DA:184,0
DA:185,0
DA:186,0
DA:187,0
DA:188,0
DA:189,0
DA:190,0
DA:192,0
DA:194,0
DA:195,0
DA:197,0
DA:198,0
DA:202,0
DA:203,0
DA:204,0
DA:207,0
DA:210,0
DA:211,0
DA:212,0
DA:224,0
DA:225,0
DA:226,0
DA:227,0
DA:228,0
DA:230,0
DA:232,0
DA:233,0
DA:235,0
DA:236,0
DA:240,0
DA:241,0
DA:242,0
DA:245,0
DA:248,0
DA:249,0
DA:250,0
DA:263,0
DA:264,0
DA:266,0
DA:267,0
DA:268,0
DA:269,0
DA:270,0
DA:276,0
DA:277,0
DA:279,0
DA:280,0
DA:281,0
DA:291,0
DA:293,0
DA:295,0
DA:297,0
DA:299,0
LF:145
LH:0
end_of_record
SF:lib/src/screens/daily/day_planner_screen.dart
DA:12,1
DA:14,1
DA:15,1
DA:23,1
DA:25,1
DA:26,1
DA:29,1
DA:31,2
DA:32,1
DA:35,1
DA:36,4
DA:37,2
DA:38,1
DA:39,3
DA:43,0
DA:44,0
DA:45,0
DA:46,0
DA:47,0
DA:50,0
DA:51,0
DA:52,0
DA:53,0
DA:56,0
DA:57,0
DA:58,0
DA:59,0
DA:60,0
DA:64,0
DA:65,0
DA:66,0
DA:68,0
DA:70,0
DA:73,0
DA:74,0
DA:75,0
DA:77,0
DA:79,0
DA:82,1
DA:83,1
DA:91,5
DA:92,10
DA:95,1
DA:96,1
DA:97,5
DA:98,0
DA:99,0
DA:102,1
DA:104,1
DA:105,3
DA:106,3
DA:107,2
DA:109,1
DA:110,4
DA:111,1
DA:112,1
DA:113,1
DA:115,1
DA:116,1
DA:118,1
DA:119,1
DA:120,1
DA:122,1
DA:123,1
DA:125,1
DA:126,4
DA:128,1
DA:129,1
DA:131,2
DA:132,3
DA:133,2
DA:142,2
DA:143,1
DA:145,5
DA:148,1
DA:149,4
DA:152,1
DA:153,1
DA:154,1
DA:156,1
DA:158,1
DA:159,3
DA:161,1
DA:162,1
DA:168,0
DA:177,1
DA:178,0
DA:184,1
DA:185,1
DA:187,1
DA:189,1
DA:190,1
DA:192,0
DA:193,1
DA:195,1
DA:196,1
DA:197,1
DA:200,1
DA:201,2
DA:204,1
DA:205,1
DA:206,1
DA:207,3
DA:208,2
DA:215,1
DA:216,1
DA:217,1
DA:218,2
DA:221,1
DA:222,1
DA:223,6
DA:224,3
DA:225,2
DA:228,1
DA:230,0
DA:232,1
DA:238,1
DA:239,1
DA:241,1
DA:243,3
DA:244,2
DA:249,1
DA:250,2
DA:252,0
DA:253,0
DA:254,0
DA:262,1
DA:263,1
DA:264,1
DA:266,1
DA:268,1
DA:269,1
DA:271,1
DA:272,1
DA:273,1
DA:276,2
DA:279,1
DA:280,3
DA:282,1
DA:283,6
DA:284,3
DA:285,2
DA:291,1
DA:292,2
DA:294,0
DA:295,0
DA:296,0
LF:147
LH:111
end_of_record
SF:lib/src/screens/daily/task_form_screen.dart
DA:13,0
DA:21,0
DA:22,0
DA:39,0
DA:41,0
DA:43,0
DA:44,0
DA:45,0
DA:46,0
DA:47,0
DA:48,0
DA:49,0
DA:50,0
DA:51,0
DA:52,0
DA:53,0
DA:54,0
DA:55,0
DA:56,0
DA:57,0
DA:58,0
DA:64,0
DA:66,0
DA:67,0
DA:68,0
DA:71,0
DA:72,0
DA:73,0
DA:74,0
DA:78,0
DA:79,0
DA:80,0
DA:81,0
DA:84,0
DA:85,0
DA:90,0
DA:91,0
DA:94,0
DA:95,0
DA:96,0
DA:97,0
DA:98,0
DA:99,0
DA:100,0
DA:104,0
DA:105,0
DA:106,0
DA:107,0
DA:109,0
DA:110,0
DA:111,0
DA:114,0
DA:115,0
DA:116,0
DA:117,0
DA:118,0
DA:119,0
DA:121,0
DA:123,0
DA:124,0
DA:125,0
DA:127,0
DA:128,0
DA:130,0
DA:131,0
DA:132,0
DA:134,0
DA:137,0
DA:138,0
DA:142,0
DA:143,0
DA:144,0
DA:145,0
DA:146,0
DA:149,0
DA:151,0
DA:153,0
DA:154,0
DA:155,0
DA:156,0
DA:157,0
DA:159,0
DA:161,0
DA:162,0
DA:163,0
DA:169,0
DA:170,0
DA:177,0
DA:178,0
DA:187,0
DA:189,0
DA:202,0
DA:203,0
DA:204,0
DA:205,0
DA:210,0
DA:212,0
DA:213,0
DA:214,0
DA:215,0
DA:216,0
DA:217,0
DA:218,0
DA:220,0
DA:222,0
DA:223,0
DA:225,0
DA:226,0
DA:230,0
DA:231,0
DA:232,0
DA:235,0
DA:238,0
DA:239,0
DA:240,0
DA:252,0
DA:253,0
DA:254,0
DA:256,0
DA:258,0
DA:259,0
DA:261,0
DA:262,0
DA:266,0
DA:267,0
DA:309,0
DA:310,0
DA:311,0
DA:322,0
DA:323,0
DA:325,0
DA:326,0
DA:327,0
DA:328,0
DA:334,0
DA:335,0
DA:337,0
DA:339,0
DA:340,0
DA:342,0
DA:343,0
DA:345,0
DA:346,0
DA:348,0
DA:349,0
DA:350,0
DA:351,0
DA:352,0
DA:356,0
DA:357,0
DA:359,0
DA:361,0
DA:362,0
DA:363,0
DA:368,0
DA:370,0
DA:371,0
DA:372,0
DA:373,0
DA:377,0
DA:378,0
DA:379,0
DA:383,0
DA:384,0
DA:386,0
DA:387,0
DA:388,0
LF:167
LH:0
end_of_record
SF:lib/src/screens/weekly/weekly_planner_screen.dart
DA:12,1
DA:14,1
DA:15,1
DA:27,1
DA:29,1
DA:30,1
DA:31,1
DA:34,1
DA:36,2
DA:37,2
DA:38,1
DA:41,1
DA:42,2
DA:43,1
DA:44,2
DA:45,1
DA:46,1
DA:47,1
DA:48,3
DA:51,1
DA:52,2
DA:53,1
DA:55,2
DA:56,2
DA:58,2
DA:59,1
DA:60,1
DA:61,1
DA:62,3
DA:66,0
DA:67,0
DA:68,0
DA:70,0
DA:73,0
DA:74,0
DA:75,0
DA:77,0
DA:80,0
DA:81,0
DA:82,0
DA:83,0
DA:84,0
DA:85,0
DA:86,0
DA:87,0
DA:88,0
DA:90,0
DA:93,0
DA:94,0
DA:95,0
DA:96,0
DA:98,0
DA:99,0
DA:106,0
DA:107,0
DA:108,0
DA:111,0
DA:112,0
DA:113,0
DA:114,0
DA:115,0
DA:123,0
DA:124,0
DA:125,0
DA:126,0
DA:129,0
DA:133,0
DA:134,0
DA:136,0
DA:137,0
DA:138,0
DA:139,0
DA:140,0
DA:143,0
DA:146,0
DA:147,0
DA:148,0
DA:149,0
DA:150,0
DA:154,1
DA:155,2
DA:156,7
DA:159,1
DA:160,1
DA:161,1
DA:162,1
DA:163,1
DA:164,1
DA:165,1
DA:166,3
DA:167,2
DA:170,1
DA:172,1
DA:174,1
DA:175,1
DA:177,1
DA:178,1
DA:179,2
DA:182,1
DA:183,1
DA:184,1
DA:186,1
DA:187,1
DA:188,1
DA:190,1
DA:192,1
DA:193,1
DA:195,1
DA:197,1
DA:198,1
DA:199,1
DA:200,1
DA:201,2
DA:203,1
DA:204,0
DA:206,0
DA:207,0
DA:212,1
DA:214,1
DA:219,1
DA:221,1
DA:222,1
DA:224,1
DA:225,1
DA:226,1
DA:227,1
DA:231,1
DA:232,1
DA:234,1
DA:235,1
DA:237,2
DA:240,1
DA:241,4
DA:242,3
DA:243,2
DA:255,1
DA:257,1
DA:258,1
DA:260,1
DA:262,1
DA:263,1
DA:265,1
DA:266,1
DA:268,2
DA:270,1
DA:272,1
DA:277,3
DA:278,1
DA:280,1
DA:282,3
DA:283,2
DA:288,0
DA:289,0
DA:296,0
DA:297,0
DA:299,0
DA:310,1
DA:312,1
DA:313,1
DA:315,1
DA:317,1
DA:318,3
DA:320,1
DA:321,1
DA:327,0
DA:335,1
DA:337,1
DA:338,2
DA:339,3
DA:340,2
DA:341,0
DA:343,0
DA:344,1
DA:346,3
DA:347,0
DA:348,0
DA:350,1
DA:352,0
DA:354,1
DA:355,1
DA:357,1
DA:358,1
DA:359,1
DA:367,1
DA:368,3
DA:372,1
DA:373,2
DA:374,3
DA:380,1
DA:381,1
DA:383,0
DA:385,1
DA:386,0
DA:387,0
DA:391,0
DA:392,0
DA:397,0
LF:197
LH:127
end_of_record
SF:lib/src/ui_components/goal_card.dart
DA:11,1
DA:18,1
DA:19,2
DA:20,1
DA:22,1
DA:27,1
DA:28,2
DA:29,1
DA:31,1
DA:36,1
DA:38,0
DA:41,1
DA:43,1
DA:45,1
DA:47,1
DA:48,1
DA:49,1
DA:51,1
DA:53,1
DA:54,1
DA:55,1
DA:56,4
DA:58,1
DA:59,1
DA:60,3
DA:61,2
DA:65,3
DA:69,1
DA:70,2
DA:71,3
DA:77,4
DA:79,1
DA:80,2
DA:81,3
DA:82,2
DA:88,1
DA:89,1
DA:90,1
DA:91,1
DA:94,2
DA:97,1
DA:98,3
DA:99,3
DA:100,2
DA:104,1
DA:107,2
DA:110,1
DA:111,2
DA:112,3
DA:113,2
LF:50
LH:49
end_of_record
SF:lib/src/ui_components/plan_card.dart
DA:10,2
DA:12,2
DA:13,8
DA:16,0
DA:17,0
DA:18,0
DA:19,0
DA:20,0
DA:21,0
DA:22,0
DA:25,2
DA:27,2
DA:29,2
DA:31,2
DA:32,2
DA:33,2
DA:35,2
DA:37,2
DA:38,2
DA:39,2
DA:40,2
DA:41,2
DA:42,4
DA:43,6
DA:51,6
DA:54,8
DA:56,2
DA:57,4
DA:58,6
DA:59,4
DA:65,2
DA:66,2
DA:67,2
DA:68,2
DA:71,4
DA:74,2
DA:75,2
DA:76,6
DA:77,4
DA:81,2
DA:84,4
DA:87,2
DA:88,8
DA:89,6
DA:90,4
LF:45
LH:38
end_of_record
SF:lib/src/ui_components/task_tile.dart
DA:12,1
DA:20,0
DA:22,0
DA:24,0
DA:25,0
DA:26,0
DA:27,0
DA:30,0
DA:32,0
DA:33,0
DA:34,0
DA:35,0
DA:38,1
DA:40,1
DA:42,1
DA:43,3
DA:44,1
DA:47,1
DA:53,0
DA:54,1
DA:55,1
DA:56,1
DA:57,1
DA:59,1
DA:60,1
DA:61,4
DA:62,1
DA:63,1
DA:65,1
DA:66,1
DA:67,2
DA:68,3
DA:69,2
DA:72,2
DA:73,2
DA:79,2
DA:80,0
DA:82,0
DA:83,0
DA:84,0
DA:85,0
DA:86,0
DA:94,1
DA:95,1
DA:96,1
DA:97,3
DA:98,2
DA:100,0
DA:103,0
DA:106,0
DA:107,0
DA:108,0
DA:109,0
DA:113,2
DA:115,0
DA:118,0
DA:121,0
DA:122,0
DA:123,0
DA:124,0
LF:60
LH:30
end_of_record
SF:lib/src/ui_components/priority_badge.dart
DA:8,1
DA:10,1
DA:11,1
DA:12,1
DA:14,1
DA:16,0
DA:18,0
DA:23,1
DA:24,1
DA:25,1
DA:27,1
DA:29,0
DA:31,0
DA:36,1
DA:38,1
DA:40,1
DA:41,2
DA:42,1
DA:43,2
DA:45,1
DA:46,1
DA:47,1
DA:48,1
LF:23
LH:19
end_of_record
SF:lib/src/ui_components/status_chip.dart
DA:9,2
DA:11,2
DA:12,2
DA:13,2
DA:15,1
DA:17,0
DA:19,0
DA:24,2
DA:25,2
DA:26,2
DA:28,1
DA:30,0
DA:32,0
DA:37,2
DA:39,2
DA:40,8
DA:41,4
DA:42,4
DA:52,3
DA:54,3
DA:55,3
DA:56,3
DA:58,3
DA:60,0
DA:62,0
DA:67,3
DA:68,3
DA:69,3
DA:71,3
DA:73,0
DA:75,0
DA:80,3
DA:82,3
DA:83,12
DA:84,6
DA:85,6
LF:36
LH:28
end_of_record
SF:lib/src/ui_components/completion_indicator.dart
DA:11,2
DA:21,2
DA:23,2
DA:25,6
DA:26,6
DA:28,2
DA:29,2
DA:30,2
DA:31,2
DA:33,2
DA:34,2
DA:35,2
DA:36,2
DA:38,2
DA:40,2
DA:41,2
DA:42,8
DA:43,2
DA:44,4
LF:19
LH:19
end_of_record
SF:lib/src/ui_components/empty_state.dart
DA:9,2
DA:17,2
DA:19,2
DA:21,2
DA:22,2
DA:24,2
DA:26,2
DA:27,8
DA:29,2
DA:30,2
DA:31,6
DA:32,4
DA:36,4
DA:38,2
DA:39,2
DA:40,6
DA:41,4
DA:46,6
LF:18
LH:18
end_of_record
SF:lib/src/services/db_factory_io.dart
DA:5,0
DA:6,0
DA:7,0
LF:3
LH:0
end_of_record
